#
# There is insufficient memory for the Java Runtime Environment to continue.
# Native memory allocation (malloc) failed to allocate 262160 bytes. Error detail: Chunk::new
# Possible reasons:
#   The system is out of physical RAM or swap space
#   This process is running with CompressedOops enabled, and the Java Heap may be blocking the growth of the native heap
# Possible solutions:
#   Reduce memory load on the system
#   Increase physical memory or swap space
#   Check if swap backing store is full
#   Decrease Java heap size (-Xmx/-Xms)
#   Decrease number of Java threads
#   Decrease Java thread stack sizes (-Xss)
#   Set larger code cache with -XX:ReservedCodeCacheSize=
#   JVM is running with Unscaled Compressed Oops mode in which the Java heap is
#     placed in the first 4GB address space. The Java Heap base address is the
#     maximum limit for the native heap growth. Please use -XX:HeapBaseMinAddress
#     to set the Java Heap base and to place the Java Heap above 4GB virtual address.
# This output file may be truncated or incomplete.
#
#  Out of Memory Error (arena.cpp:168), pid=35232, tid=35472
#
# JRE version: OpenJDK Runtime Environment JBR-21.0.4+13-509.17-jcef (21.0.4+13) (build 21.0.4+13-b509.17)
# Java VM: OpenJDK 64-Bit Server VM JBR-21.0.4+13-509.17-jcef (21.0.4+13-b509.17, mixed mode, tiered, compressed oops, compressed class ptrs, g1 gc, windows-amd64)
# No core dump will be written. Minidumps are not enabled by default on client versions of Windows
#

---------------  S U M M A R Y ------------

Command Line: -Djava.rmi.server.hostname=127.0.0.1 -Duser.timezone=UTC -Xmx2048m -Xms128m -Djdbc.classpath=C:\Users\sasha\AppData\Local\Temp\RemoteDriver.classpath.txt --add-exports=java.desktop/sun.awt=ALL-UNNAMED --add-exports=java.desktop/java.awt.peer=ALL-UNNAMED --add-opens=java.desktop/java.awt=ALL-UNNAMED --add-opens=jdk.unsupported/sun.misc=ALL-UNNAMED --add-opens=java.base/java.nio=ALL-UNNAMED --add-opens=java.base/java.util=ALL-UNNAMED -Dfile.encoding=UTF-8 -Dsun.stdout.encoding=UTF-8 -Dsun.stderr.encoding=UTF-8 com.intellij.database.remote.RemoteJdbcServer org.postgresql.Driver

Host: Intel(R) Core(TM) i5-10400F CPU @ 2.90GHz, 12 cores, 15G,  Windows 10 , 64 bit Build 19041 (10.0.19041.5915)
Time: Sun Mar 15 21:35:00 2026  Windows 10 , 64 bit Build 19041 (10.0.19041.5915) elapsed time: 1.980168 seconds (0d 0h 0m 1s)

---------------  T H R E A D  ---------------

Current thread (0x000001b5d29abfd0):  JavaThread "C2 CompilerThread0" daemon [_thread_in_native, id=35472, stack(0x00000086be200000,0x00000086be300000) (1024K)]


Current CompileTask:
C2:   1980 1544 % !   4       com.sun.crypto.provider.PBKDF2KeyImpl::deriveKey @ 198 (302 bytes)

Stack: [0x00000086be200000,0x00000086be300000]
Native frames: (J=compiled Java code, j=interpreted, Vv=VM code, C=native code)
V  [jvm.dll+0x6e36d9]
V  [jvm.dll+0x8c0bd3]
V  [jvm.dll+0x8c312e]
V  [jvm.dll+0x8c3813]
V  [jvm.dll+0x288256]
V  [jvm.dll+0xc613d]
V  [jvm.dll+0xc6673]
V  [jvm.dll+0x70a3f4]
V  [jvm.dll+0x70abc8]
V  [jvm.dll+0x70ce40]
V  [jvm.dll+0x70b1a3]
V  [jvm.dll+0x258b8e]
V  [jvm.dll+0x2515ca]
V  [jvm.dll+0x24f03e]
V  [jvm.dll+0x1cd074]
V  [jvm.dll+0x25e88c]
V  [jvm.dll+0x25cdd6]
V  [jvm.dll+0x3fdff6]
V  [jvm.dll+0x868868]
V  [jvm.dll+0x6e1edd]
C  [ucrtbase.dll+0x21bb2]
C  [KERNEL32.DLL+0x17374]
C  [ntdll.dll+0x4cc91]


---------------  P R O C E S S  ---------------

Threads class SMR info:
_java_thread_list=0x000001b5d75ba9f0, length=21, elements={
0x000001b5b7c86330, 0x000001b5d2958590, 0x000001b5d29a5310, 0x000001b5d29a5aa0,
0x000001b5d29a6500, 0x000001b5d29a7110, 0x000001b5d29a7d20, 0x000001b5d29abfd0,
0x000001b5d29b8b40, 0x000001b5d2b53820, 0x000001b5d2b570c0, 0x000001b5d73f6a80,
0x000001b5d734e750, 0x000001b5d7288cc0, 0x000001b5d7289f50, 0x000001b5d734bf20,
0x000001b5d72495b0, 0x000001b5d7226c70, 0x000001b5d72272e0, 0x000001b5d7594ea0,
0x000001b5d7593460
}

Java Threads: ( => current thread )
  0x000001b5b7c86330 JavaThread "main"                              [_thread_blocked, id=35144, stack(0x00000086bd400000,0x00000086bd500000) (1024K)]
  0x000001b5d2958590 JavaThread "Reference Handler"          daemon [_thread_blocked, id=33232, stack(0x00000086bdc00000,0x00000086bdd00000) (1024K)]
  0x000001b5d29a5310 JavaThread "Finalizer"                  daemon [_thread_blocked, id=35796, stack(0x00000086bdd00000,0x00000086bde00000) (1024K)]
  0x000001b5d29a5aa0 JavaThread "Signal Dispatcher"          daemon [_thread_blocked, id=19760, stack(0x00000086bde00000,0x00000086bdf00000) (1024K)]
  0x000001b5d29a6500 JavaThread "Attach Listener"            daemon [_thread_blocked, id=35772, stack(0x00000086bdf00000,0x00000086be000000) (1024K)]
  0x000001b5d29a7110 JavaThread "Service Thread"             daemon [_thread_blocked, id=35296, stack(0x00000086be000000,0x00000086be100000) (1024K)]
  0x000001b5d29a7d20 JavaThread "Monitor Deflation Thread"   daemon [_thread_blocked, id=31856, stack(0x00000086be100000,0x00000086be200000) (1024K)]
=>0x000001b5d29abfd0 JavaThread "C2 CompilerThread0"         daemon [_thread_in_native, id=35472, stack(0x00000086be200000,0x00000086be300000) (1024K)]
  0x000001b5d29b8b40 JavaThread "C1 CompilerThread0"         daemon [_thread_blocked, id=31164, stack(0x00000086be300000,0x00000086be400000) (1024K)]
  0x000001b5d2b53820 JavaThread "Common-Cleaner"             daemon [_thread_blocked, id=16748, stack(0x00000086be400000,0x00000086be500000) (1024K)]
  0x000001b5d2b570c0 JavaThread "Notification Thread"        daemon [_thread_blocked, id=9684, stack(0x00000086be500000,0x00000086be600000) (1024K)]
  0x000001b5d73f6a80 JavaThread "RMI TCP Accept-56650"       daemon [_thread_in_native, id=7632, stack(0x00000086be600000,0x00000086be700000) (1024K)]
  0x000001b5d734e750 JavaThread "RMI TCP Accept-0"           daemon [_thread_in_native, id=3920, stack(0x00000086be700000,0x00000086be800000) (1024K)]
  0x000001b5d7288cc0 JavaThread "RMI Reaper"                        [_thread_blocked, id=26860, stack(0x00000086be800000,0x00000086be900000) (1024K)]
  0x000001b5d7289f50 JavaThread "RMI GC Daemon"              daemon [_thread_blocked, id=22376, stack(0x00000086be900000,0x00000086bea00000) (1024K)]
  0x000001b5d734bf20 JavaThread "RMI TCP Connection(1)-127.0.0.1" daemon [_thread_in_native, id=28072, stack(0x00000086bea00000,0x00000086beb00000) (1024K)]
  0x000001b5d72495b0 JavaThread "RMI TCP Connection(2)-127.0.0.1" daemon [_thread_in_native, id=28032, stack(0x00000086beb00000,0x00000086bec00000) (1024K)]
  0x000001b5d7226c70 JavaThread "RMI Scheduler(0)"           daemon [_thread_blocked, id=9800, stack(0x00000086bec00000,0x00000086bed00000) (1024K)]
  0x000001b5d72272e0 JavaThread "RMI TCP Connection(3)-127.0.0.1" daemon [_thread_in_native, id=12256, stack(0x00000086bed00000,0x00000086bee00000) (1024K)]
  0x000001b5d7594ea0 JavaThread "RMI TCP Connection(4)-127.0.0.1" daemon [_thread_in_native, id=22736, stack(0x00000086bee00000,0x00000086bef00000) (1024K)]
  0x000001b5d7593460 JavaThread "RMI RenewClean-[127.0.0.1:62404]" daemon [_thread_blocked, id=33000, stack(0x00000086bef00000,0x00000086bf000000) (1024K)]
Total: 21

Other Threads:
  0x000001b5b7c5a4b0 VMThread "VM Thread"                           [id=4384, stack(0x00000086bdb00000,0x00000086bdc00000) (1024K)]
  0x000001b5d2771720 WatcherThread "VM Periodic Task Thread"        [id=34936, stack(0x00000086bda00000,0x00000086bdb00000) (1024K)]
  0x000001b5b7c5af90 WorkerThread "GC Thread#0"                     [id=33228, stack(0x00000086bd500000,0x00000086bd600000) (1024K)]
  0x000001b5b7c5ba70 WorkerThread "GC Thread#1"                     [id=20672, stack(0x00000086bf100000,0x00000086bf200000) (1024K)]
  0x000001b5b7c5a850 WorkerThread "GC Thread#2"                     [id=21280, stack(0x00000086bf200000,0x00000086bf300000) (1024K)]
  0x000001b5d7666cb0 WorkerThread "GC Thread#3"                     [id=26712, stack(0x00000086bf300000,0x00000086bf400000) (1024K)]
  0x000001b5d7667b30 WorkerThread "GC Thread#4"                     [id=35464, stack(0x00000086bf400000,0x00000086bf500000) (1024K)]
  0x000001b5d7668d50 WorkerThread "GC Thread#5"                     [id=35428, stack(0x00000086bf500000,0x00000086bf600000) (1024K)]
  0x000001b5d7666910 WorkerThread "GC Thread#6"                     [id=35444, stack(0x00000086bf600000,0x00000086bf700000) (1024K)]
  0x000001b5d7669490 WorkerThread "GC Thread#7"                     [id=35456, stack(0x00000086bf700000,0x00000086bf800000) (1024K)]
  0x000001b5d76689b0 WorkerThread "GC Thread#8"                     [id=35684, stack(0x00000086bf800000,0x00000086bf900000) (1024K)]
  0x000001b5d7667050 WorkerThread "GC Thread#9"                     [id=35440, stack(0x00000086bf900000,0x00000086bfa00000) (1024K)]
  0x000001b5b9f4bf10 ConcurrentGCThread "G1 Main Marker"            [id=280, stack(0x00000086bd600000,0x00000086bd700000) (1024K)]
  0x000001b5b7c5b330 WorkerThread "G1 Conc#0"                       [id=9552, stack(0x00000086bd700000,0x00000086bd800000) (1024K)]
  0x000001b5d2634170 ConcurrentGCThread "G1 Refine#0"               [id=35228, stack(0x00000086bd800000,0x00000086bd900000) (1024K)]
  0x000001b5d2634990 ConcurrentGCThread "G1 Service"                [id=35032, stack(0x00000086bd900000,0x00000086bda00000) (1024K)]
Total: 16

Threads with active compile tasks:
C2 CompilerThread0     2008 1544 % !   4       com.sun.crypto.provider.PBKDF2KeyImpl::deriveKey @ 198 (302 bytes)
Total: 1

VM state: not at safepoint (normal execution)

VM Mutex/Monitor currently owned by a thread: None

Heap address: 0x0000000080000000, size: 2048 MB, Compressed Oops mode: 32-bit

CDS archive(s) not mapped
Compressed class space mapped at: 0x0000000100000000-0x0000000140000000, reserved size: 1073741824
Narrow klass base: 0x0000000000000000, Narrow klass shift: 3, Narrow klass range: 0x140000000

GC Precious Log:
 CardTable entry size: 512
 Card Set container configuration: InlinePtr #cards 5 size 8 Array Of Cards #cards 12 size 40 Howl #buckets 4 coarsen threshold 1843 Howl Bitmap #cards 512 size 80 coarsen threshold 460 Card regions per heap region 1 cards per card region 2048
 CPUs: 12 total, 12 available
 Memory: 16314M
 Large Page Support: Disabled
 NUMA Support: Disabled
 Compressed Oops: Enabled (32-bit)
 Heap Region Size: 1M
 Heap Min Capacity: 128M
 Heap Initial Capacity: 128M
 Heap Max Capacity: 2G
 Pre-touch: Disabled
 Parallel Workers: 10
 Concurrent Workers: 3
 Concurrent Refinement Workers: 10
 Periodic GC: Disabled

Heap:
 garbage-first heap   total 131072K, used 12568K [0x0000000080000000, 0x0000000100000000)
  region size 1024K, 8 young (8192K), 3 survivors (3072K)
 Metaspace       used 20040K, committed 20480K, reserved 1114112K
  class space    used 2094K, committed 2304K, reserved 1048576K

Heap Regions: E=young(eden), S=young(survivor), O=old, HS=humongous(starts), HC=humongous(continues), CS=collection set, F=free, TAMS=top-at-mark-start, PB=parsable bottom
|   0|0x0000000080000000, 0x0000000080100000, 0x0000000080100000|100%|HS|  |TAMS 0x0000000080000000| PB 0x0000000080000000| Complete 
|   1|0x0000000080100000, 0x0000000080200000, 0x0000000080200000|100%|HC|  |TAMS 0x0000000080100000| PB 0x0000000080100000| Complete 
|   2|0x0000000080200000, 0x0000000080300000, 0x0000000080300000|100%|HS|  |TAMS 0x0000000080200000| PB 0x0000000080200000| Complete 
|   3|0x0000000080300000, 0x0000000080400000, 0x0000000080400000|100%|HS|  |TAMS 0x0000000080300000| PB 0x0000000080300000| Complete 
|   4|0x0000000080400000, 0x0000000080500000, 0x0000000080500000|100%| O|  |TAMS 0x0000000080400000| PB 0x0000000080400000| Untracked 
|   5|0x0000000080500000, 0x0000000080600000, 0x0000000080600000|100%| O|  |TAMS 0x0000000080500000| PB 0x0000000080500000| Untracked 
|   6|0x0000000080600000, 0x0000000080646000, 0x0000000080700000| 27%| O|  |TAMS 0x0000000080600000| PB 0x0000000080600000| Untracked 
|   7|0x0000000080700000, 0x0000000080700000, 0x0000000080800000|  0%| F|  |TAMS 0x0000000080700000| PB 0x0000000080700000| Untracked 
|   8|0x0000000080800000, 0x0000000080800000, 0x0000000080900000|  0%| F|  |TAMS 0x0000000080800000| PB 0x0000000080800000| Untracked 
|   9|0x0000000080900000, 0x0000000080900000, 0x0000000080a00000|  0%| F|  |TAMS 0x0000000080900000| PB 0x0000000080900000| Untracked 
|  10|0x0000000080a00000, 0x0000000080a00000, 0x0000000080b00000|  0%| F|  |TAMS 0x0000000080a00000| PB 0x0000000080a00000| Untracked 
|  11|0x0000000080b00000, 0x0000000080b00000, 0x0000000080c00000|  0%| F|  |TAMS 0x0000000080b00000| PB 0x0000000080b00000| Untracked 
|  12|0x0000000080c00000, 0x0000000080c00000, 0x0000000080d00000|  0%| F|  |TAMS 0x0000000080c00000| PB 0x0000000080c00000| Untracked 
|  13|0x0000000080d00000, 0x0000000080d00000, 0x0000000080e00000|  0%| F|  |TAMS 0x0000000080d00000| PB 0x0000000080d00000| Untracked 
|  14|0x0000000080e00000, 0x0000000080e00000, 0x0000000080f00000|  0%| F|  |TAMS 0x0000000080e00000| PB 0x0000000080e00000| Untracked 
|  15|0x0000000080f00000, 0x0000000080f00000, 0x0000000081000000|  0%| F|  |TAMS 0x0000000080f00000| PB 0x0000000080f00000| Untracked 
|  16|0x0000000081000000, 0x0000000081000000, 0x0000000081100000|  0%| F|  |TAMS 0x0000000081000000| PB 0x0000000081000000| Untracked 
|  17|0x0000000081100000, 0x0000000081100000, 0x0000000081200000|  0%| F|  |TAMS 0x0000000081100000| PB 0x0000000081100000| Untracked 
|  18|0x0000000081200000, 0x0000000081200000, 0x0000000081300000|  0%| F|  |TAMS 0x0000000081200000| PB 0x0000000081200000| Untracked 
|  19|0x0000000081300000, 0x0000000081300000, 0x0000000081400000|  0%| F|  |TAMS 0x0000000081300000| PB 0x0000000081300000| Untracked 
|  20|0x0000000081400000, 0x0000000081400000, 0x0000000081500000|  0%| F|  |TAMS 0x0000000081400000| PB 0x0000000081400000| Untracked 
|  21|0x0000000081500000, 0x0000000081500000, 0x0000000081600000|  0%| F|  |TAMS 0x0000000081500000| PB 0x0000000081500000| Untracked 
|  22|0x0000000081600000, 0x0000000081600000, 0x0000000081700000|  0%| F|  |TAMS 0x0000000081600000| PB 0x0000000081600000| Untracked 
|  23|0x0000000081700000, 0x0000000081700000, 0x0000000081800000|  0%| F|  |TAMS 0x0000000081700000| PB 0x0000000081700000| Untracked 
|  24|0x0000000081800000, 0x0000000081800000, 0x0000000081900000|  0%| F|  |TAMS 0x0000000081800000| PB 0x0000000081800000| Untracked 
|  25|0x0000000081900000, 0x0000000081900000, 0x0000000081a00000|  0%| F|  |TAMS 0x0000000081900000| PB 0x0000000081900000| Untracked 
|  26|0x0000000081a00000, 0x0000000081a00000, 0x0000000081b00000|  0%| F|  |TAMS 0x0000000081a00000| PB 0x0000000081a00000| Untracked 
|  27|0x0000000081b00000, 0x0000000081b00000, 0x0000000081c00000|  0%| F|  |TAMS 0x0000000081b00000| PB 0x0000000081b00000| Untracked 
|  28|0x0000000081c00000, 0x0000000081c00000, 0x0000000081d00000|  0%| F|  |TAMS 0x0000000081c00000| PB 0x0000000081c00000| Untracked 
|  29|0x0000000081d00000, 0x0000000081d00000, 0x0000000081e00000|  0%| F|  |TAMS 0x0000000081d00000| PB 0x0000000081d00000| Untracked 
|  30|0x0000000081e00000, 0x0000000081e00000, 0x0000000081f00000|  0%| F|  |TAMS 0x0000000081e00000| PB 0x0000000081e00000| Untracked 
|  31|0x0000000081f00000, 0x0000000081f00000, 0x0000000082000000|  0%| F|  |TAMS 0x0000000081f00000| PB 0x0000000081f00000| Untracked 
|  32|0x0000000082000000, 0x0000000082000000, 0x0000000082100000|  0%| F|  |TAMS 0x0000000082000000| PB 0x0000000082000000| Untracked 
|  33|0x0000000082100000, 0x0000000082100000, 0x0000000082200000|  0%| F|  |TAMS 0x0000000082100000| PB 0x0000000082100000| Untracked 
|  34|0x0000000082200000, 0x0000000082200000, 0x0000000082300000|  0%| F|  |TAMS 0x0000000082200000| PB 0x0000000082200000| Untracked 
|  35|0x0000000082300000, 0x0000000082300000, 0x0000000082400000|  0%| F|  |TAMS 0x0000000082300000| PB 0x0000000082300000| Untracked 
|  36|0x0000000082400000, 0x0000000082400000, 0x0000000082500000|  0%| F|  |TAMS 0x0000000082400000| PB 0x0000000082400000| Untracked 
|  37|0x0000000082500000, 0x0000000082500000, 0x0000000082600000|  0%| F|  |TAMS 0x0000000082500000| PB 0x0000000082500000| Untracked 
|  38|0x0000000082600000, 0x0000000082600000, 0x0000000082700000|  0%| F|  |TAMS 0x0000000082600000| PB 0x0000000082600000| Untracked 
|  39|0x0000000082700000, 0x0000000082700000, 0x0000000082800000|  0%| F|  |TAMS 0x0000000082700000| PB 0x0000000082700000| Untracked 
|  40|0x0000000082800000, 0x0000000082800000, 0x0000000082900000|  0%| F|  |TAMS 0x0000000082800000| PB 0x0000000082800000| Untracked 
|  41|0x0000000082900000, 0x0000000082900000, 0x0000000082a00000|  0%| F|  |TAMS 0x0000000082900000| PB 0x0000000082900000| Untracked 
|  42|0x0000000082a00000, 0x0000000082a00000, 0x0000000082b00000|  0%| F|  |TAMS 0x0000000082a00000| PB 0x0000000082a00000| Untracked 
|  43|0x0000000082b00000, 0x0000000082b00000, 0x0000000082c00000|  0%| F|  |TAMS 0x0000000082b00000| PB 0x0000000082b00000| Untracked 
|  44|0x0000000082c00000, 0x0000000082c00000, 0x0000000082d00000|  0%| F|  |TAMS 0x0000000082c00000| PB 0x0000000082c00000| Untracked 
|  45|0x0000000082d00000, 0x0000000082d00000, 0x0000000082e00000|  0%| F|  |TAMS 0x0000000082d00000| PB 0x0000000082d00000| Untracked 
|  46|0x0000000082e00000, 0x0000000082e00000, 0x0000000082f00000|  0%| F|  |TAMS 0x0000000082e00000| PB 0x0000000082e00000| Untracked 
|  47|0x0000000082f00000, 0x0000000082f00000, 0x0000000083000000|  0%| F|  |TAMS 0x0000000082f00000| PB 0x0000000082f00000| Untracked 
|  48|0x0000000083000000, 0x0000000083000000, 0x0000000083100000|  0%| F|  |TAMS 0x0000000083000000| PB 0x0000000083000000| Untracked 
|  49|0x0000000083100000, 0x0000000083100000, 0x0000000083200000|  0%| F|  |TAMS 0x0000000083100000| PB 0x0000000083100000| Untracked 
|  50|0x0000000083200000, 0x0000000083200000, 0x0000000083300000|  0%| F|  |TAMS 0x0000000083200000| PB 0x0000000083200000| Untracked 
|  51|0x0000000083300000, 0x0000000083300000, 0x0000000083400000|  0%| F|  |TAMS 0x0000000083300000| PB 0x0000000083300000| Untracked 
|  52|0x0000000083400000, 0x0000000083400000, 0x0000000083500000|  0%| F|  |TAMS 0x0000000083400000| PB 0x0000000083400000| Untracked 
|  53|0x0000000083500000, 0x0000000083500000, 0x0000000083600000|  0%| F|  |TAMS 0x0000000083500000| PB 0x0000000083500000| Untracked 
|  54|0x0000000083600000, 0x0000000083600000, 0x0000000083700000|  0%| F|  |TAMS 0x0000000083600000| PB 0x0000000083600000| Untracked 
|  55|0x0000000083700000, 0x0000000083700000, 0x0000000083800000|  0%| F|  |TAMS 0x0000000083700000| PB 0x0000000083700000| Untracked 
|  56|0x0000000083800000, 0x0000000083800000, 0x0000000083900000|  0%| F|  |TAMS 0x0000000083800000| PB 0x0000000083800000| Untracked 
|  57|0x0000000083900000, 0x0000000083900000, 0x0000000083a00000|  0%| F|  |TAMS 0x0000000083900000| PB 0x0000000083900000| Untracked 
|  58|0x0000000083a00000, 0x0000000083a00000, 0x0000000083b00000|  0%| F|  |TAMS 0x0000000083a00000| PB 0x0000000083a00000| Untracked 
|  59|0x0000000083b00000, 0x0000000083b00000, 0x0000000083c00000|  0%| F|  |TAMS 0x0000000083b00000| PB 0x0000000083b00000| Untracked 
|  60|0x0000000083c00000, 0x0000000083c00000, 0x0000000083d00000|  0%| F|  |TAMS 0x0000000083c00000| PB 0x0000000083c00000| Untracked 
|  61|0x0000000083d00000, 0x0000000083d00000, 0x0000000083e00000|  0%| F|  |TAMS 0x0000000083d00000| PB 0x0000000083d00000| Untracked 
|  62|0x0000000083e00000, 0x0000000083e00000, 0x0000000083f00000|  0%| F|  |TAMS 0x0000000083e00000| PB 0x0000000083e00000| Untracked 
|  63|0x0000000083f00000, 0x0000000083f00000, 0x0000000084000000|  0%| F|  |TAMS 0x0000000083f00000| PB 0x0000000083f00000| Untracked 
|  64|0x0000000084000000, 0x0000000084000000, 0x0000000084100000|  0%| F|  |TAMS 0x0000000084000000| PB 0x0000000084000000| Untracked 
|  65|0x0000000084100000, 0x0000000084100000, 0x0000000084200000|  0%| F|  |TAMS 0x0000000084100000| PB 0x0000000084100000| Untracked 
|  66|0x0000000084200000, 0x0000000084200000, 0x0000000084300000|  0%| F|  |TAMS 0x0000000084200000| PB 0x0000000084200000| Untracked 
|  67|0x0000000084300000, 0x0000000084300000, 0x0000000084400000|  0%| F|  |TAMS 0x0000000084300000| PB 0x0000000084300000| Untracked 
|  68|0x0000000084400000, 0x0000000084400000, 0x0000000084500000|  0%| F|  |TAMS 0x0000000084400000| PB 0x0000000084400000| Untracked 
|  69|0x0000000084500000, 0x0000000084500000, 0x0000000084600000|  0%| F|  |TAMS 0x0000000084500000| PB 0x0000000084500000| Untracked 
|  70|0x0000000084600000, 0x0000000084600000, 0x0000000084700000|  0%| F|  |TAMS 0x0000000084600000| PB 0x0000000084600000| Untracked 
|  71|0x0000000084700000, 0x0000000084700000, 0x0000000084800000|  0%| F|  |TAMS 0x0000000084700000| PB 0x0000000084700000| Untracked 
|  72|0x0000000084800000, 0x0000000084800000, 0x0000000084900000|  0%| F|  |TAMS 0x0000000084800000| PB 0x0000000084800000| Untracked 
|  73|0x0000000084900000, 0x0000000084900000, 0x0000000084a00000|  0%| F|  |TAMS 0x0000000084900000| PB 0x0000000084900000| Untracked 
|  74|0x0000000084a00000, 0x0000000084a00000, 0x0000000084b00000|  0%| F|  |TAMS 0x0000000084a00000| PB 0x0000000084a00000| Untracked 
|  75|0x0000000084b00000, 0x0000000084b00000, 0x0000000084c00000|  0%| F|  |TAMS 0x0000000084b00000| PB 0x0000000084b00000| Untracked 
|  76|0x0000000084c00000, 0x0000000084c00000, 0x0000000084d00000|  0%| F|  |TAMS 0x0000000084c00000| PB 0x0000000084c00000| Untracked 
|  77|0x0000000084d00000, 0x0000000084d00000, 0x0000000084e00000|  0%| F|  |TAMS 0x0000000084d00000| PB 0x0000000084d00000| Untracked 
|  78|0x0000000084e00000, 0x0000000084e00000, 0x0000000084f00000|  0%| F|  |TAMS 0x0000000084e00000| PB 0x0000000084e00000| Untracked 
|  79|0x0000000084f00000, 0x0000000084f00000, 0x0000000085000000|  0%| F|  |TAMS 0x0000000084f00000| PB 0x0000000084f00000| Untracked 
|  80|0x0000000085000000, 0x0000000085000000, 0x0000000085100000|  0%| F|  |TAMS 0x0000000085000000| PB 0x0000000085000000| Untracked 
|  81|0x0000000085100000, 0x0000000085100000, 0x0000000085200000|  0%| F|  |TAMS 0x0000000085100000| PB 0x0000000085100000| Untracked 
|  82|0x0000000085200000, 0x0000000085200000, 0x0000000085300000|  0%| F|  |TAMS 0x0000000085200000| PB 0x0000000085200000| Untracked 
|  83|0x0000000085300000, 0x0000000085300000, 0x0000000085400000|  0%| F|  |TAMS 0x0000000085300000| PB 0x0000000085300000| Untracked 
|  84|0x0000000085400000, 0x0000000085400000, 0x0000000085500000|  0%| F|  |TAMS 0x0000000085400000| PB 0x0000000085400000| Untracked 
|  85|0x0000000085500000, 0x0000000085500000, 0x0000000085600000|  0%| F|  |TAMS 0x0000000085500000| PB 0x0000000085500000| Untracked 
|  86|0x0000000085600000, 0x0000000085600000, 0x0000000085700000|  0%| F|  |TAMS 0x0000000085600000| PB 0x0000000085600000| Untracked 
|  87|0x0000000085700000, 0x0000000085700000, 0x0000000085800000|  0%| F|  |TAMS 0x0000000085700000| PB 0x0000000085700000| Untracked 
|  88|0x0000000085800000, 0x0000000085800000, 0x0000000085900000|  0%| F|  |TAMS 0x0000000085800000| PB 0x0000000085800000| Untracked 
|  89|0x0000000085900000, 0x0000000085900000, 0x0000000085a00000|  0%| F|  |TAMS 0x0000000085900000| PB 0x0000000085900000| Untracked 
|  90|0x0000000085a00000, 0x0000000085a00000, 0x0000000085b00000|  0%| F|  |TAMS 0x0000000085a00000| PB 0x0000000085a00000| Untracked 
|  91|0x0000000085b00000, 0x0000000085b00000, 0x0000000085c00000|  0%| F|  |TAMS 0x0000000085b00000| PB 0x0000000085b00000| Untracked 
|  92|0x0000000085c00000, 0x0000000085c00000, 0x0000000085d00000|  0%| F|  |TAMS 0x0000000085c00000| PB 0x0000000085c00000| Untracked 
|  93|0x0000000085d00000, 0x0000000085d00000, 0x0000000085e00000|  0%| F|  |TAMS 0x0000000085d00000| PB 0x0000000085d00000| Untracked 
|  94|0x0000000085e00000, 0x0000000085e00000, 0x0000000085f00000|  0%| F|  |TAMS 0x0000000085e00000| PB 0x0000000085e00000| Untracked 
|  95|0x0000000085f00000, 0x0000000085f00000, 0x0000000086000000|  0%| F|  |TAMS 0x0000000085f00000| PB 0x0000000085f00000| Untracked 
|  96|0x0000000086000000, 0x0000000086000000, 0x0000000086100000|  0%| F|  |TAMS 0x0000000086000000| PB 0x0000000086000000| Untracked 
|  97|0x0000000086100000, 0x0000000086100000, 0x0000000086200000|  0%| F|  |TAMS 0x0000000086100000| PB 0x0000000086100000| Untracked 
|  98|0x0000000086200000, 0x0000000086200000, 0x0000000086300000|  0%| F|  |TAMS 0x0000000086200000| PB 0x0000000086200000| Untracked 
|  99|0x0000000086300000, 0x0000000086300000, 0x0000000086400000|  0%| F|  |TAMS 0x0000000086300000| PB 0x0000000086300000| Untracked 
| 100|0x0000000086400000, 0x0000000086400000, 0x0000000086500000|  0%| F|  |TAMS 0x0000000086400000| PB 0x0000000086400000| Untracked 
| 101|0x0000000086500000, 0x0000000086500000, 0x0000000086600000|  0%| F|  |TAMS 0x0000000086500000| PB 0x0000000086500000| Untracked 
| 102|0x0000000086600000, 0x0000000086700000, 0x0000000086700000|100%| S|CS|TAMS 0x0000000086600000| PB 0x0000000086600000| Complete 
| 103|0x0000000086700000, 0x0000000086800000, 0x0000000086800000|100%| S|CS|TAMS 0x0000000086700000| PB 0x0000000086700000| Complete 
| 104|0x0000000086800000, 0x0000000086900000, 0x0000000086900000|100%| S|CS|TAMS 0x0000000086800000| PB 0x0000000086800000| Complete 
| 105|0x0000000086900000, 0x0000000086900000, 0x0000000086a00000|  0%| F|  |TAMS 0x0000000086900000| PB 0x0000000086900000| Untracked 
| 106|0x0000000086a00000, 0x0000000086a00000, 0x0000000086b00000|  0%| F|  |TAMS 0x0000000086a00000| PB 0x0000000086a00000| Untracked 
| 107|0x0000000086b00000, 0x0000000086b00000, 0x0000000086c00000|  0%| F|  |TAMS 0x0000000086b00000| PB 0x0000000086b00000| Untracked 
| 108|0x0000000086c00000, 0x0000000086c00000, 0x0000000086d00000|  0%| F|  |TAMS 0x0000000086c00000| PB 0x0000000086c00000| Untracked 
| 109|0x0000000086d00000, 0x0000000086d00000, 0x0000000086e00000|  0%| F|  |TAMS 0x0000000086d00000| PB 0x0000000086d00000| Untracked 
| 110|0x0000000086e00000, 0x0000000086e00000, 0x0000000086f00000|  0%| F|  |TAMS 0x0000000086e00000| PB 0x0000000086e00000| Untracked 
| 111|0x0000000086f00000, 0x0000000086f00000, 0x0000000087000000|  0%| F|  |TAMS 0x0000000086f00000| PB 0x0000000086f00000| Untracked 
| 112|0x0000000087000000, 0x0000000087000000, 0x0000000087100000|  0%| F|  |TAMS 0x0000000087000000| PB 0x0000000087000000| Untracked 
| 113|0x0000000087100000, 0x0000000087100000, 0x0000000087200000|  0%| F|  |TAMS 0x0000000087100000| PB 0x0000000087100000| Untracked 
| 114|0x0000000087200000, 0x0000000087200000, 0x0000000087300000|  0%| F|  |TAMS 0x0000000087200000| PB 0x0000000087200000| Untracked 
| 115|0x0000000087300000, 0x0000000087300000, 0x0000000087400000|  0%| F|  |TAMS 0x0000000087300000| PB 0x0000000087300000| Untracked 
| 116|0x0000000087400000, 0x0000000087400000, 0x0000000087500000|  0%| F|  |TAMS 0x0000000087400000| PB 0x0000000087400000| Untracked 
| 117|0x0000000087500000, 0x0000000087500000, 0x0000000087600000|  0%| F|  |TAMS 0x0000000087500000| PB 0x0000000087500000| Untracked 
| 118|0x0000000087600000, 0x0000000087600000, 0x0000000087700000|  0%| F|  |TAMS 0x0000000087600000| PB 0x0000000087600000| Untracked 
| 119|0x0000000087700000, 0x0000000087700000, 0x0000000087800000|  0%| F|  |TAMS 0x0000000087700000| PB 0x0000000087700000| Untracked 
| 120|0x0000000087800000, 0x0000000087800000, 0x0000000087900000|  0%| F|  |TAMS 0x0000000087800000| PB 0x0000000087800000| Untracked 
| 121|0x0000000087900000, 0x0000000087900000, 0x0000000087a00000|  0%| F|  |TAMS 0x0000000087900000| PB 0x0000000087900000| Untracked 
| 122|0x0000000087a00000, 0x0000000087a00000, 0x0000000087b00000|  0%| F|  |TAMS 0x0000000087a00000| PB 0x0000000087a00000| Untracked 
| 123|0x0000000087b00000, 0x0000000087b3ed08, 0x0000000087c00000| 24%| E|  |TAMS 0x0000000087b00000| PB 0x0000000087b00000| Complete 
| 124|0x0000000087c00000, 0x0000000087d00000, 0x0000000087d00000|100%| E|CS|TAMS 0x0000000087c00000| PB 0x0000000087c00000| Complete 
| 125|0x0000000087d00000, 0x0000000087e00000, 0x0000000087e00000|100%| E|CS|TAMS 0x0000000087d00000| PB 0x0000000087d00000| Complete 
| 126|0x0000000087e00000, 0x0000000087f00000, 0x0000000087f00000|100%| E|  |TAMS 0x0000000087e00000| PB 0x0000000087e00000| Complete 
| 127|0x0000000087f00000, 0x0000000088000000, 0x0000000088000000|100%| E|CS|TAMS 0x0000000087f00000| PB 0x0000000087f00000| Complete 

Card table byte_map: [0x000001b5cd750000,0x000001b5cdb50000] _byte_map_base: 0x000001b5cd350000

Marking Bits: (CMBitMap*) 0x000001b5b9f3b480
 Bits: [0x000001b5cdb50000, 0x000001b5cfb50000)

Polling page: 0x000001b5b96b0000

Metaspace:

Usage:
  Non-class:     17.53 MB used.
      Class:      2.05 MB used.
       Both:     19.57 MB used.

Virtual space:
  Non-class space:       64.00 MB reserved,      17.75 MB ( 28%) committed,  1 nodes.
      Class space:        1.00 GB reserved,       2.25 MB ( <1%) committed,  1 nodes.
             Both:        1.06 GB reserved,      20.00 MB (  2%) committed. 

Chunk freelists:
   Non-Class:  14.08 MB
       Class:  13.64 MB
        Both:  27.72 MB

MaxMetaspaceSize: unlimited
CompressedClassSpaceSize: 1.00 GB
Initial GC threshold: 21.00 MB
Current GC threshold: 21.00 MB
CDS: off
 - commit_granule_bytes: 65536.
 - commit_granule_words: 8192.
 - virtual_space_node_default_size: 8388608.
 - enlarge_chunks_in_place: 1.
 - use_allocation_guard: 0.


Internal statistics:

num_allocs_failed_limit: 0.
num_arena_births: 480.
num_arena_deaths: 0.
num_vsnodes_births: 2.
num_vsnodes_deaths: 0.
num_space_committed: 320.
num_space_uncommitted: 0.
num_chunks_returned_to_freelist: 0.
num_chunks_taken_from_freelist: 809.
num_chunk_merges: 0.
num_chunk_splits: 476.
num_chunks_enlarged: 202.
num_inconsistent_stats: 0.

CodeHeap 'non-profiled nmethods': size=120000Kb used=533Kb max_used=533Kb free=119466Kb
 bounds [0x000001b5c58d0000, 0x000001b5c5b40000, 0x000001b5cce00000]
CodeHeap 'profiled nmethods': size=120000Kb used=2832Kb max_used=2832Kb free=117167Kb
 bounds [0x000001b5bde00000, 0x000001b5be0d0000, 0x000001b5c5330000]
CodeHeap 'non-nmethods': size=5760Kb used=1412Kb max_used=1428Kb free=4348Kb
 bounds [0x000001b5c5330000, 0x000001b5c55a0000, 0x000001b5c58d0000]
 total_blobs=2085 nmethods=1575 adapters=415
 compilation: enabled
              stopped_count=0, restarted_count=0
 full_count=0

Compilation events (20 events):
Event: 1.953 Thread 0x000001b5d29b8b40 1575       3       java.io.ObjectOutputStream$HandleTable::hash (8 bytes)
Event: 1.953 Thread 0x000001b5d29b8b40 nmethod 1575 0x000001b5be0c0c90 code [0x000001b5be0c0e40, 0x000001b5be0c0f78]
Event: 1.953 Thread 0x000001b5d29b8b40 1572       1       java.io.ObjectStreamField::isUnshared (5 bytes)
Event: 1.953 Thread 0x000001b5d29b8b40 nmethod 1572 0x000001b5c5954f10 code [0x000001b5c59550a0, 0x000001b5c5955170]
Event: 1.953 Thread 0x000001b5d29b8b40 1576       3       java.io.ObjectOutputStream$BlockDataOutputStream::writeByte (33 bytes)
Event: 1.953 Thread 0x000001b5d29b8b40 nmethod 1576 0x000001b5be0c1010 code [0x000001b5be0c11c0, 0x000001b5be0c1388]
Event: 1.953 Thread 0x000001b5d29b8b40 1569       1       java.io.ObjectStreamField::getField (5 bytes)
Event: 1.953 Thread 0x000001b5d29b8b40 nmethod 1569 0x000001b5c5955210 code [0x000001b5c59553a0, 0x000001b5c5955468]
Event: 1.953 Thread 0x000001b5d29b8b40 1578       3       jdk.internal.misc.Unsafe::putShortUnaligned (14 bytes)
Event: 1.953 Thread 0x000001b5d29b8b40 nmethod 1578 0x000001b5be0c1490 code [0x000001b5be0c1640, 0x000001b5be0c1880]
Event: 1.954 Thread 0x000001b5d29b8b40 1579       3       java.util.stream.StreamOpFlag::fromCharacteristics (37 bytes)
Event: 1.954 Thread 0x000001b5d29b8b40 nmethod 1579 0x000001b5be0c1990 code [0x000001b5be0c1b60, 0x000001b5be0c1e80]
Event: 1.954 Thread 0x000001b5d29b8b40 1580       3       java.lang.Class::searchMethods (104 bytes)
Event: 1.955 Thread 0x000001b5d29b8b40 nmethod 1580 0x000001b5be0c1f90 code [0x000001b5be0c2220, 0x000001b5be0c2cf0]
Event: 1.955 Thread 0x000001b5d29b8b40 1581       3       java.lang.Exception::<init> (6 bytes)
Event: 1.955 Thread 0x000001b5d29b8b40 nmethod 1581 0x000001b5be0c3210 code [0x000001b5be0c33e0, 0x000001b5be0c3808]
Event: 1.955 Thread 0x000001b5d29b8b40 1582       3       java.util.stream.AbstractPipeline::<init> (55 bytes)
Event: 1.955 Thread 0x000001b5d29b8b40 nmethod 1582 0x000001b5be0c3910 code [0x000001b5be0c3ac0, 0x000001b5be0c3d98]
Event: 1.955 Thread 0x000001b5d29b8b40 1583       3       java.nio.ByteBuffer::position (8 bytes)
Event: 1.955 Thread 0x000001b5d29b8b40 nmethod 1583 0x000001b5be0c3e90 code [0x000001b5be0c4040, 0x000001b5be0c4190]

GC Heap History (2 events):
Event: 1.805 GC heap before
{Heap before GC invocations=0 (full 0):
 garbage-first heap   total 131072K, used 26624K [0x0000000080000000, 0x0000000100000000)
  region size 1024K, 23 young (23552K), 0 survivors (0K)
 Metaspace       used 18319K, committed 18752K, reserved 1114112K
  class space    used 1905K, committed 2112K, reserved 1048576K
}
Event: 1.812 GC heap after
{Heap after GC invocations=1 (full 0):
 garbage-first heap   total 131072K, used 9496K [0x0000000080000000, 0x0000000100000000)
  region size 1024K, 3 young (3072K), 3 survivors (3072K)
 Metaspace       used 18319K, committed 18752K, reserved 1114112K
  class space    used 1905K, committed 2112K, reserved 1048576K
}

Dll operation events (2 events):
Event: 0.105 Loaded shared library X:\IntelliJ IDEA 2024.2.3\jbr\bin\java.dll
Event: 0.142 Loaded shared library X:\IntelliJ IDEA 2024.2.3\jbr\bin\zip.dll

Deoptimization events (20 events):
Event: 1.942 Thread 0x000001b5d72272e0 Uncommon trap: trap_request=0xffffff45 fr.pc=0x000001b5c58f1568 relative=0x0000000000000588
Event: 1.942 Thread 0x000001b5d72272e0 Uncommon trap: reason=unstable_if action=reinterpret pc=0x000001b5c58f1568 method=java.lang.AbstractStringBuilder.inflateIfNeededFor(Ljava/lang/String;)V @ 14 c2
Event: 1.942 Thread 0x000001b5d72272e0 DEOPT PACKING pc=0x000001b5c58f1568 sp=0x00000086bedfe320
Event: 1.942 Thread 0x000001b5d72272e0 DEOPT UNPACKING pc=0x000001b5c53846a2 sp=0x00000086bedfe1d0 mode 2
Event: 1.942 Thread 0x000001b5d72272e0 Uncommon trap: trap_request=0xffffff45 fr.pc=0x000001b5c58ec5e8 relative=0x0000000000000588
Event: 1.942 Thread 0x000001b5d72272e0 Uncommon trap: reason=unstable_if action=reinterpret pc=0x000001b5c58ec5e8 method=java.lang.AbstractStringBuilder.inflateIfNeededFor(Ljava/lang/String;)V @ 14 c2
Event: 1.942 Thread 0x000001b5d72272e0 DEOPT PACKING pc=0x000001b5c58ec5e8 sp=0x00000086bedfe2c0
Event: 1.942 Thread 0x000001b5d72272e0 DEOPT UNPACKING pc=0x000001b5c53846a2 sp=0x00000086bedfe1c8 mode 2
Event: 1.942 Thread 0x000001b5d72272e0 Uncommon trap: trap_request=0xffffff45 fr.pc=0x000001b5c5948b6c relative=0x000000000000006c
Event: 1.942 Thread 0x000001b5d72272e0 Uncommon trap: reason=unstable_if action=reinterpret pc=0x000001b5c5948b6c method=java.lang.AbstractStringBuilder.isLatin1()Z @ 10 c2
Event: 1.942 Thread 0x000001b5d72272e0 DEOPT PACKING pc=0x000001b5c5948b6c sp=0x00000086bedfe170
Event: 1.942 Thread 0x000001b5d72272e0 DEOPT UNPACKING pc=0x000001b5c53846a2 sp=0x00000086bedfe100 mode 2
Event: 1.942 Thread 0x000001b5d72272e0 Uncommon trap: trap_request=0xffffff45 fr.pc=0x000001b5c58e8698 relative=0x00000000000000f8
Event: 1.942 Thread 0x000001b5d72272e0 Uncommon trap: reason=unstable_if action=reinterpret pc=0x000001b5c58e8698 method=java.lang.String.getBytes([BIB)V @ 5 c2
Event: 1.942 Thread 0x000001b5d72272e0 DEOPT PACKING pc=0x000001b5c58e8698 sp=0x00000086bedfe1f0
Event: 1.942 Thread 0x000001b5d72272e0 DEOPT UNPACKING pc=0x000001b5c53846a2 sp=0x00000086bedfe1b8 mode 2
Event: 1.942 Thread 0x000001b5d72272e0 Uncommon trap: trap_request=0xffffff45 fr.pc=0x000001b5c58faf84 relative=0x0000000000000544
Event: 1.942 Thread 0x000001b5d72272e0 Uncommon trap: reason=unstable_if action=reinterpret pc=0x000001b5c58faf84 method=java.lang.AbstractStringBuilder.isLatin1()Z @ 10 c2
Event: 1.942 Thread 0x000001b5d72272e0 DEOPT PACKING pc=0x000001b5c58faf84 sp=0x00000086bedfe330
Event: 1.942 Thread 0x000001b5d72272e0 DEOPT UNPACKING pc=0x000001b5c53846a2 sp=0x00000086bedfe1c8 mode 2

Classes loaded (20 events):
Event: 1.936 Loading class javax/crypto/spec/SecretKeySpec
Event: 1.937 Loading class javax/crypto/spec/SecretKeySpec done
Event: 1.937 Loading class jdk/internal/access/JavaxCryptoSpecAccess
Event: 1.937 Loading class jdk/internal/access/JavaxCryptoSpecAccess done
Event: 1.942 Loading class java/util/concurrent/atomic/AtomicReferenceFieldUpdater
Event: 1.942 Loading class java/util/concurrent/atomic/AtomicReferenceFieldUpdater done
Event: 1.942 Loading class java/util/concurrent/atomic/AtomicReferenceFieldUpdater$AtomicReferenceFieldUpdaterImpl
Event: 1.942 Loading class java/util/concurrent/atomic/AtomicReferenceFieldUpdater$AtomicReferenceFieldUpdaterImpl done
Event: 1.942 Loading class java/util/concurrent/atomic/AtomicReferenceFieldUpdater$AtomicReferenceFieldUpdaterImpl$1
Event: 1.942 Loading class java/util/concurrent/atomic/AtomicReferenceFieldUpdater$AtomicReferenceFieldUpdaterImpl$1 done
Event: 1.948 Loading class java/lang/StackTraceElement$HashedModules
Event: 1.948 Loading class java/lang/StackTraceElement$HashedModules done
Event: 1.948 Loading class java/lang/invoke/WrongMethodTypeException
Event: 1.948 Loading class java/lang/invoke/WrongMethodTypeException done
Event: 1.948 Loading class java/lang/Throwable$PrintStreamOrWriter
Event: 1.948 Loading class java/lang/Throwable$PrintStreamOrWriter done
Event: 1.951 Loading class java/nio/charset/CharacterCodingException
Event: 1.951 Loading class java/nio/charset/CharacterCodingException done
Event: 1.953 Loading class java/util/function/UnaryOperator
Event: 1.953 Loading class java/util/function/UnaryOperator done

Classes unloaded (0 events):
No events

Classes redefined (0 events):
No events

Internal exceptions (20 events):
Event: 1.193 Thread 0x000001b5d72272e0 Exception <a 'java/lang/NoSuchMethodError'{0x0000000086e25f38}: static [B.<clinit>()V> (0x0000000086e25f38) 
thrown [s\src\hotspot\share\prims\jni.cpp, line 1126]
Event: 1.196 Thread 0x000001b5d72272e0 Exception <a 'java/lang/NoSuchMethodError'{0x0000000086e27818}: 'long java.lang.invoke.DirectMethodHandle$Holder.invokeInterface(java.lang.Object, java.lang.Object)'> (0x0000000086e27818) 
thrown [s\src\hotspot\share\interpreter\linkResolver.cpp, line 784]
Event: 1.196 Thread 0x000001b5d72272e0 Exception <a 'java/lang/NoSuchMethodError'{0x0000000086e2afe0}: 'long java.lang.invoke.DelegatingMethodHandle$Holder.reinvoke_L(java.lang.Object, java.lang.Object)'> (0x0000000086e2afe0) 
thrown [s\src\hotspot\share\interpreter\linkResolver.cpp, line 784]
Event: 1.220 Thread 0x000001b5d72272e0 Exception <a 'java/lang/NoSuchMethodError'{0x0000000086e66068}: static [Ljava/rmi/server/ObjID;.<clinit>()V> (0x0000000086e66068) 
thrown [s\src\hotspot\share\prims\jni.cpp, line 1126]
Event: 1.222 Thread 0x000001b5d7593460 Exception <a 'java/lang/NoSuchMethodError'{0x0000000086d08340}: 'java.lang.Object java.lang.invoke.DirectMethodHandle$Holder.newInvokeSpecial(java.lang.Object, java.lang.Object, int, java.lang.Object, long)'> (0x0000000086d08340) 
thrown [s\src\hotspot\share\interpreter\linkResolver.cpp, line 784]
Event: 1.223 Thread 0x000001b5d72272e0 Exception <a 'java/lang/NoSuchMethodError'{0x0000000086d7b838}: 'void java.lang.invoke.Invokers$Holder.linkToTargetMethod(java.lang.Object, java.lang.Object)'> (0x0000000086d7b838) 
thrown [s\src\hotspot\share\interpreter\linkResolver.cpp, line 784]
Event: 1.232 Thread 0x000001b5d72272e0 Exception <a 'java/lang/NoSuchMethodError'{0x0000000086db5380}: 'java.lang.Object java.lang.invoke.DirectMethodHandle$Holder.invokeInterface(java.lang.Object, java.lang.Object, java.lang.Object, java.lang.Object, java.lang.Object)'> (0x0000000086db5380) 
thrown [s\src\hotspot\share\interpreter\linkResolver.cpp, line 784]
Event: 1.233 Thread 0x000001b5d72272e0 Exception <a 'java/lang/NoSuchMethodError'{0x0000000086dc8738}: 'java.lang.Object java.lang.invoke.Invokers$Holder.invokeExact_MT(java.lang.Object, java.lang.Object, java.lang.Object, java.lang.Object, java.lang.Object, java.lang.Object)'> (0x0000000086dc8738) 
thrown [s\src\hotspot\share\interpreter\linkResolver.cpp, line 784]
Event: 1.301 Thread 0x000001b5d72272e0 Exception <a 'java/lang/NoSuchMethodError'{0x0000000086a0d5c8}: method resolution failed> (0x0000000086a0d5c8) 
thrown [s\src\hotspot\share\prims\methodHandles.cpp, line 1144]
Event: 1.302 Thread 0x000001b5d72272e0 Exception <a 'java/lang/NoSuchMethodError'{0x0000000086a17500}: 'java.lang.Object java.lang.invoke.Invokers$Holder.invokeExact_MT(java.lang.Object, java.lang.Object, java.lang.Object, java.lang.Object, java.lang.Object)'> (0x0000000086a17500) 
thrown [s\src\hotspot\share\interpreter\linkResolver.cpp, line 784]
Event: 1.684 Thread 0x000001b5d72272e0 Exception <a 'java/lang/NoSuchMethodError'{0x0000000086a8cf68}: 'java.lang.Object java.lang.invoke.DirectMethodHandle$Holder.invokeVirtual(java.lang.Object, java.lang.Object, java.lang.Object, java.lang.Object)'> (0x0000000086a8cf68) 
thrown [s\src\hotspot\share\interpreter\linkResolver.cpp, line 784]
Event: 1.685 Thread 0x000001b5d72272e0 Exception <a 'java/lang/NoSuchMethodError'{0x0000000086a94a40}: 'void java.lang.invoke.DirectMethodHandle$Holder.invokeStatic(java.lang.Object, java.lang.Object, java.lang.Object, java.lang.Object)'> (0x0000000086a94a40) 
thrown [s\src\hotspot\share\interpreter\linkResolver.cpp, line 784]
Event: 1.696 Thread 0x000001b5d72272e0 Exception <a 'java/lang/NoSuchMethodError'{0x0000000086902d20}: 'int java.lang.invoke.DirectMethodHandle$Holder.invokeStatic(java.lang.Object, java.lang.Object, java.lang.Object, java.lang.Object)'> (0x0000000086902d20) 
thrown [s\src\hotspot\share\interpreter\linkResolver.cpp, line 784]
Event: 1.696 Thread 0x000001b5d72272e0 Exception <a 'java/lang/NoSuchMethodError'{0x00000000869062c8}: 'int java.lang.invoke.DirectMethodHandle$Holder.invokeStaticInit(java.lang.Object, java.lang.Object, java.lang.Object, java.lang.Object)'> (0x00000000869062c8) 
thrown [s\src\hotspot\share\interpreter\linkResolver.cpp, line 784]
Event: 1.696 Thread 0x000001b5d72272e0 Exception <a 'java/lang/IncompatibleClassChangeError'{0x000000008690e818}: Found class java.lang.Object, but interface was expected> (0x000000008690e818) 
thrown [s\src\hotspot\share\interpreter\linkResolver.cpp, line 851]
Event: 1.697 Thread 0x000001b5d72272e0 Exception <a 'java/lang/NoSuchMethodError'{0x0000000086913af8}: 'int java.lang.invoke.DirectMethodHandle$Holder.invokeStaticInit(java.lang.Object, java.lang.Object)'> (0x0000000086913af8) 
thrown [s\src\hotspot\share\interpreter\linkResolver.cpp, line 784]
Event: 1.882 Thread 0x000001b5d72272e0 Exception <a 'sun/nio/fs/WindowsException'{0x0000000087c52b08}> (0x0000000087c52b08) 
thrown [s\src\hotspot\share\prims\jni.cpp, line 535]
Event: 1.936 Thread 0x000001b5d72272e0 Exception <a 'java/lang/NoSuchMethodError'{0x0000000087c9a4f8}: 'void java.lang.invoke.DirectMethodHandle$Holder.invokeStatic(java.lang.Object, java.lang.Object, java.lang.Object)'> (0x0000000087c9a4f8) 
thrown [s\src\hotspot\share\interpreter\linkResolver.cpp, line 784]
Event: 1.937 Thread 0x000001b5d72272e0 Exception <a 'java/lang/NoSuchMethodError'{0x0000000087ca0198}: 'void java.lang.invoke.DirectMethodHandle$Holder.invokeVirtual(java.lang.Object, java.lang.Object)'> (0x0000000087ca0198) 
thrown [s\src\hotspot\share\interpreter\linkResolver.cpp, line 784]
Event: 1.951 Thread 0x000001b5d72272e0 Exception <a 'java/lang/NoSuchMethodError'{0x0000000087b056c8}: static [Ljava/lang/StackTraceElement;.<clinit>()V> (0x0000000087b056c8) 
thrown [s\src\hotspot\share\prims\jni.cpp, line 1126]

ZGC Phase Switch (0 events):
No events

VM Operations (20 events):
Event: 1.164 Executing VM operation: HandshakeAllThreads (Deoptimize)
Event: 1.164 Executing VM operation: HandshakeAllThreads (Deoptimize) done
Event: 1.174 Executing VM operation: ICBufferFull
Event: 1.174 Executing VM operation: ICBufferFull done
Event: 1.238 Executing VM operation: HandshakeAllThreads (Deoptimize)
Event: 1.238 Executing VM operation: HandshakeAllThreads (Deoptimize) done
Event: 1.804 Executing VM operation: G1CollectForAllocation (G1 Evacuation Pause)
Event: 1.812 Executing VM operation: G1CollectForAllocation (G1 Evacuation Pause) done
Event: 1.825 Executing VM operation: HandshakeAllThreads (Deoptimize)
Event: 1.825 Executing VM operation: HandshakeAllThreads (Deoptimize) done
Event: 1.855 Executing VM operation: HandshakeAllThreads (Deoptimize)
Event: 1.855 Executing VM operation: HandshakeAllThreads (Deoptimize) done
Event: 1.871 Executing VM operation: HandshakeAllThreads (Deoptimize)
Event: 1.871 Executing VM operation: HandshakeAllThreads (Deoptimize) done
Event: 1.873 Executing VM operation: HandshakeAllThreads (Deoptimize)
Event: 1.873 Executing VM operation: HandshakeAllThreads (Deoptimize) done
Event: 1.883 Executing VM operation: HandshakeAllThreads (Deoptimize)
Event: 1.883 Executing VM operation: HandshakeAllThreads (Deoptimize) done
Event: 1.901 Executing VM operation: HandshakeAllThreads (Deoptimize)
Event: 1.901 Executing VM operation: HandshakeAllThreads (Deoptimize) done

Memory protections (0 events):
No events

Nmethod flushes (0 events):
No events

Events (20 events):
Event: 0.271 Thread 0x000001b5b7c86330 Thread added: 0x000001b5d2b53820
Event: 0.275 Thread 0x000001b5b7c86330 Thread added: 0x000001b5d2b570c0
Event: 0.327 Loaded shared library X:\IntelliJ IDEA 2024.2.3\jbr\bin\net.dll
Event: 0.365 Loaded shared library X:\IntelliJ IDEA 2024.2.3\jbr\bin\nio.dll
Event: 0.432 Loaded shared library X:\IntelliJ IDEA 2024.2.3\jbr\bin\zip.dll
Event: 0.591 Loaded shared library X:\IntelliJ IDEA 2024.2.3\jbr\bin\jimage.dll
Event: 1.104 Loaded shared library X:\IntelliJ IDEA 2024.2.3\jbr\bin\extnet.dll
Event: 1.110 Thread 0x000001b5b7c86330 Thread added: 0x000001b5d73f6a80
Event: 1.117 Thread 0x000001b5b7c86330 Thread added: 0x000001b5d734e750
Event: 1.117 Thread 0x000001b5b7c86330 Thread added: 0x000001b5d7288cc0
Event: 1.145 Loaded shared library X:\IntelliJ IDEA 2024.2.3\jbr\bin\rmi.dll
Event: 1.146 Thread 0x000001b5b7c86330 Thread added: 0x000001b5d7289f50
Event: 1.164 Thread 0x000001b5d73f6a80 Thread added: 0x000001b5d734bf20
Event: 1.164 Thread 0x000001b5d73f6a80 Thread added: 0x000001b5d72495b0
Event: 1.188 Thread 0x000001b5d72495b0 Thread added: 0x000001b5d7226c70
Event: 1.188 Thread 0x000001b5d734e750 Thread added: 0x000001b5d72272e0
Event: 1.191 Thread 0x000001b5d734e750 Thread added: 0x000001b5d7594ea0
Event: 1.207 Thread 0x000001b5d72272e0 Thread added: 0x000001b5d7593460
Event: 1.758 Loaded shared library X:\IntelliJ IDEA 2024.2.3\jbr\bin\management.dll
Event: 1.790 Loaded shared library X:\IntelliJ IDEA 2024.2.3\jbr\bin\management_ext.dll


Dynamic libraries:
0x00007ff7e5c00000 - 0x00007ff7e5c0a000 	X:\IntelliJ IDEA 2024.2.3\jbr\bin\java.exe
0x00007ff8f7fb0000 - 0x00007ff8f81a8000 	C:\Windows\SYSTEM32\ntdll.dll
0x00007ff8f6be0000 - 0x00007ff8f6ca2000 	C:\Windows\System32\KERNEL32.DLL
0x00007ff8f59a0000 - 0x00007ff8f5c96000 	C:\Windows\System32\KERNELBASE.dll
0x00007ff8f5d20000 - 0x00007ff8f5e20000 	C:\Windows\System32\ucrtbase.dll
0x00007ff8cb380000 - 0x00007ff8cb398000 	X:\IntelliJ IDEA 2024.2.3\jbr\bin\jli.dll
0x00007ff8f7410000 - 0x00007ff8f75b1000 	C:\Windows\System32\USER32.dll
0x00007ff8f58f0000 - 0x00007ff8f5912000 	C:\Windows\System32\win32u.dll
0x00007ff8f49e0000 - 0x00007ff8f4c7b000 	C:\Windows\WinSxS\amd64_microsoft.windows.common-controls_6595b64144ccf1df_6.0.19041.6456_none_60b8a6cb71f64256\COMCTL32.dll
0x00007ff8f7f40000 - 0x00007ff8f7f6b000 	C:\Windows\System32\GDI32.dll
0x00007ff8f5eb0000 - 0x00007ff8f5fc9000 	C:\Windows\System32\gdi32full.dll
0x00007ff8f60b0000 - 0x00007ff8f614e000 	C:\Windows\System32\msvcrt.dll
0x00007ff8f56f0000 - 0x00007ff8f578d000 	C:\Windows\System32\msvcp_win.dll
0x00007ff8eea30000 - 0x00007ff8eea4b000 	X:\IntelliJ IDEA 2024.2.3\jbr\bin\VCRUNTIME140.dll
0x00007ff8f6cb0000 - 0x00007ff8f6cdf000 	C:\Windows\System32\IMM32.DLL
0x00007ff8eea50000 - 0x00007ff8eea5c000 	X:\IntelliJ IDEA 2024.2.3\jbr\bin\vcruntime140_1.dll
0x00007ff825730000 - 0x00007ff8257bd000 	X:\IntelliJ IDEA 2024.2.3\jbr\bin\msvcp140.dll
0x00007ff84e8a0000 - 0x00007ff84f657000 	X:\IntelliJ IDEA 2024.2.3\jbr\bin\server\jvm.dll
0x00007ff8f75c0000 - 0x00007ff8f7671000 	C:\Windows\System32\ADVAPI32.dll
0x00007ff8f62f0000 - 0x00007ff8f638f000 	C:\Windows\System32\sechost.dll
0x00007ff8f6760000 - 0x00007ff8f6880000 	C:\Windows\System32\RPCRT4.dll
0x00007ff8f5ca0000 - 0x00007ff8f5cc7000 	C:\Windows\System32\bcrypt.dll
0x00007ff8f6040000 - 0x00007ff8f60ab000 	C:\Windows\System32\WS2_32.dll
0x00007ff8f5080000 - 0x00007ff8f50cb000 	C:\Windows\SYSTEM32\POWRPROF.dll
0x00007ff8eb620000 - 0x00007ff8eb647000 	C:\Windows\SYSTEM32\WINMM.dll
0x00007ff8ee470000 - 0x00007ff8ee47a000 	C:\Windows\SYSTEM32\VERSION.dll
0x00007ff8f4c80000 - 0x00007ff8f4c92000 	C:\Windows\SYSTEM32\UMPDC.dll
0x00007ff8f2d50000 - 0x00007ff8f2d62000 	C:\Windows\SYSTEM32\kernel.appcore.dll
0x00007ff8e0100000 - 0x00007ff8e010a000 	X:\IntelliJ IDEA 2024.2.3\jbr\bin\jimage.dll
0x00007ff8f4e70000 - 0x00007ff8f5071000 	C:\Windows\SYSTEM32\DBGHELP.DLL
0x00007ff8f4db0000 - 0x00007ff8f4de4000 	C:\Windows\SYSTEM32\dbgcore.DLL
0x00007ff8f5e20000 - 0x00007ff8f5ea2000 	C:\Windows\System32\bcryptPrimitives.dll
0x00007ff8cb330000 - 0x00007ff8cb34f000 	X:\IntelliJ IDEA 2024.2.3\jbr\bin\java.dll
0x00007ff8cb310000 - 0x00007ff8cb328000 	X:\IntelliJ IDEA 2024.2.3\jbr\bin\zip.dll
0x00007ff8f77a0000 - 0x00007ff8f7f10000 	C:\Windows\System32\SHELL32.dll
0x00007ff8f3030000 - 0x00007ff8f37d5000 	C:\Windows\SYSTEM32\windows.storage.dll
0x00007ff8f6390000 - 0x00007ff8f66e4000 	C:\Windows\System32\combase.dll
0x00007ff8f4940000 - 0x00007ff8f496b000 	C:\Windows\SYSTEM32\Wldp.dll
0x00007ff8f6b10000 - 0x00007ff8f6bdd000 	C:\Windows\System32\OLEAUT32.dll
0x00007ff8f61e0000 - 0x00007ff8f628d000 	C:\Windows\System32\SHCORE.dll
0x00007ff8f5fd0000 - 0x00007ff8f602b000 	C:\Windows\System32\shlwapi.dll
0x00007ff8f5570000 - 0x00007ff8f5594000 	C:\Windows\SYSTEM32\profapi.dll
0x00007ff8de910000 - 0x00007ff8de920000 	X:\IntelliJ IDEA 2024.2.3\jbr\bin\net.dll
0x00007ff8ee480000 - 0x00007ff8ee58a000 	C:\Windows\SYSTEM32\WINHTTP.dll
0x00007ff8f4810000 - 0x00007ff8f487a000 	C:\Windows\system32\mswsock.dll
0x00007ff8cb2f0000 - 0x00007ff8cb306000 	X:\IntelliJ IDEA 2024.2.3\jbr\bin\nio.dll
0x00007ff8f4310000 - 0x00007ff8f434b000 	C:\Windows\SYSTEM32\IPHLPAPI.DLL
0x00007ff8f7f30000 - 0x00007ff8f7f38000 	C:\Windows\System32\NSI.dll
0x00007ff8f53b0000 - 0x00007ff8f53c8000 	C:\Windows\SYSTEM32\CRYPTSP.dll
0x00007ff8f3fb0000 - 0x00007ff8f3fe8000 	C:\Windows\system32\rsaenh.dll
0x00007ff8f54f0000 - 0x00007ff8f551e000 	C:\Windows\SYSTEM32\USERENV.dll
0x00007ff8f4900000 - 0x00007ff8f490c000 	C:\Windows\SYSTEM32\CRYPTBASE.dll
0x00007ff8cd210000 - 0x00007ff8cd219000 	X:\IntelliJ IDEA 2024.2.3\jbr\bin\extnet.dll
0x00007ff8e54e0000 - 0x00007ff8e54e7000 	X:\IntelliJ IDEA 2024.2.3\jbr\bin\rmi.dll
0x00007ff8f4350000 - 0x00007ff8f441a000 	C:\Windows\SYSTEM32\DNSAPI.dll
0x00007ff8e99c0000 - 0x00007ff8e99ca000 	C:\Windows\System32\rasadhlp.dll
0x00007ff8ea480000 - 0x00007ff8ea500000 	C:\Windows\System32\fwpuclnt.dll
0x00007ff8de1f0000 - 0x00007ff8de1f9000 	X:\IntelliJ IDEA 2024.2.3\jbr\bin\management.dll
0x00007ff8d1680000 - 0x00007ff8d168b000 	X:\IntelliJ IDEA 2024.2.3\jbr\bin\management_ext.dll
0x00007ff8f6030000 - 0x00007ff8f6038000 	C:\Windows\System32\PSAPI.DLL

dbghelp: loaded successfully - version: 4.0.5 - missing functions: none
symbol engine: initialized successfully - sym options: 0x614 - pdb path: .;X:\IntelliJ IDEA 2024.2.3\jbr\bin;C:\Windows\SYSTEM32;C:\Windows\WinSxS\amd64_microsoft.windows.common-controls_6595b64144ccf1df_6.0.19041.6456_none_60b8a6cb71f64256;X:\IntelliJ IDEA 2024.2.3\jbr\bin\server

VM Arguments:
jvm_args: -Djava.rmi.server.hostname=127.0.0.1 -Duser.timezone=UTC -Xmx2048m -Xms128m -Djdbc.classpath=C:\Users\sasha\AppData\Local\Temp\RemoteDriver.classpath.txt --add-exports=java.desktop/sun.awt=ALL-UNNAMED --add-exports=java.desktop/java.awt.peer=ALL-UNNAMED --add-opens=java.desktop/java.awt=ALL-UNNAMED --add-opens=jdk.unsupported/sun.misc=ALL-UNNAMED --add-opens=java.base/java.nio=ALL-UNNAMED --add-opens=java.base/java.util=ALL-UNNAMED -Dfile.encoding=UTF-8 -Dsun.stdout.encoding=UTF-8 -Dsun.stderr.encoding=UTF-8 
java_command: com.intellij.database.remote.RemoteJdbcServer org.postgresql.Driver
java_class_path (initial): X:\IntelliJ IDEA 2024.2.3\lib\util_rt.jar;X:\IntelliJ IDEA 2024.2.3\lib\util-8.jar;X:\IntelliJ IDEA 2024.2.3\lib\groovy.jar;X:\IntelliJ IDEA 2024.2.3\plugins\DatabaseTools\lib\jdbc-console.jar;X:\IntelliJ IDEA 2024.2.3\plugins\grid-core-impl\lib\jdbc-console-types.jar;X:\IntelliJ IDEA 2024.2.3\lib\util.jar;X:\IntelliJ IDEA 2024.2.3\lib\bouncy-castle.jar
Launcher Type: SUN_STANDARD

[Global flags]
     intx CICompilerCount                          = 4                                         {product} {ergonomic}
     uint ConcGCThreads                            = 3                                         {product} {ergonomic}
     uint G1ConcRefinementThreads                  = 10                                        {product} {ergonomic}
   size_t G1HeapRegionSize                         = 1048576                                   {product} {ergonomic}
    uintx GCDrainStackTargetSize                   = 64                                        {product} {ergonomic}
   size_t InitialHeapSize                          = 134217728                                 {product} {command line}
   size_t MarkStackSize                            = 4194304                                   {product} {ergonomic}
   size_t MaxHeapSize                              = 2147483648                                {product} {command line}
   size_t MaxNewSize                               = 1287651328                                {product} {ergonomic}
   size_t MinHeapDeltaBytes                        = 1048576                                   {product} {ergonomic}
   size_t MinHeapSize                              = 134217728                                 {product} {command line}
    uintx NonNMethodCodeHeapSize                   = 5839372                                {pd product} {ergonomic}
    uintx NonProfiledCodeHeapSize                  = 122909434                              {pd product} {ergonomic}
    uintx ProfiledCodeHeapSize                     = 122909434                              {pd product} {ergonomic}
    uintx ReservedCodeCacheSize                    = 251658240                              {pd product} {ergonomic}
     bool SegmentedCodeCache                       = true                                      {product} {ergonomic}
   size_t SoftMaxHeapSize                          = 2147483648                             {manageable} {ergonomic}
     bool UseCompressedOops                        = true                           {product lp64_product} {ergonomic}
     bool UseG1GC                                  = true                                      {product} {ergonomic}
     bool UseLargePagesIndividualAllocation        = false                                  {pd product} {ergonomic}

Logging:
Log output configuration:
 #0: stdout all=warning uptime,level,tags foldmultilines=false
 #1: stderr all=off uptime,level,tags foldmultilines=false

Environment Variables:
JAVA_HOME=C:\Users\sasha\.jdks\openjdk-24.0.2+12-54
PATH=C:\Users\sasha\.jdks\openjdk-24.0.2+12-54\bin;C:\Program Files\Common Files\Oracle\Java\javapath;C:\Program Files (x86)\Common Files\Oracle\Java\java8path;C:\Program Files (x86)\Common Files\Oracle\Java\javapath;C:\Program Files\Python312\Scripts\;C:\Program Files\Python312\;C:\Windows\system32;C:\Windows;C:\Windows\System32\Wbem;C:\Windows\System32\WindowsPowerShell\v1.0\;C:\Windows\System32\OpenSSH\;C:\Program Files (x86)\NVIDIA Corporation\PhysX\Common;C:\Program Files (x86)\IVI Foundation\VISA\WinNT\Bin\;C:\Program Files\IVI Foundation\VISA\Win64\Bin\;C:\Program Files (x86)\IVI Foundation\VISA\WinNT\Bin;C:\Program Files\NVIDIA Corporation\NVIDIA app\NvDLISR;C:\Program Files\Git\cmd;C:\Program Files\nodejs\;;C:\Program Files\Docker\Docker\resources\bin;C:\Users\sasha\.jdks\openjdk-24.0.2+12-54\bin;C:\Users\sasha\AppData\Local\Microsoft\WindowsApps;C:\Program Files\JetBrains\PyCharm Community Edition 2023.2.5\bin;;Q:\JAVA IDEA\IntelliJ IDEA Community Edition 2024.1.4\bin;;C:\Users\sasha\AppData\Local\Programs\Microsoft VS Code\bin;C:\Users\sasha\AppData\Roaming\npm;X:\CLion 2025.2.3\bin;;c:\users\sasha\.local\bin;c:\users\sasha\appdata\roaming\python\python312\scripts
USERNAME=sasha
OS=Windows_NT
PROCESSOR_IDENTIFIER=Intel64 Family 6 Model 165 Stepping 5, GenuineIntel
TMP=C:\Users\sasha\AppData\Local\Temp
TEMP=C:\Users\sasha\AppData\Local\Temp




Periodic native trim disabled

JNI global refs:
JNI global refs: 18, weak refs: 0

JNI global refs memory usage: 835, weak refs: 201

Process memory usage:
Resident Set Size: 102756K (0% of 16706156K total physical memory with 218024K free physical memory)

OOME stack traces (most recent first):
Classloader memory used:
Loader bootstrap                                                                       : 16505K
Loader jdk.internal.loader.ClassLoaders$AppClassLoader                                 : 2411K
Loader com.intellij.database.remote.jdbc.impl.JdbcClassLoader$JdbcClassLoaderImpl      : 703K
Loader jdk.internal.loader.ClassLoaders$PlatformClassLoader                            : 318K
Loader jdk.internal.reflect.DelegatingClassLoader                                      : 96072B
Loader com.intellij.database.remote.jdbc.impl.JdbcClassLoader$1                        : 6920B

---------------  S Y S T E M  ---------------

OS:
 Windows 10 , 64 bit Build 19041 (10.0.19041.5915)
OS uptime: 9 days 11:17 hours
Hyper-V role detected

CPU: total 12 (initial active 12) (6 cores per cpu, 2 threads per core) family 6 model 165 stepping 5 microcode 0xe2, cx8, cmov, fxsr, ht, mmx, 3dnowpref, sse, sse2, sse3, ssse3, sse4.1, sse4.2, popcnt, lzcnt, tsc, tscinvbit, avx, avx2, aes, erms, clmul, bmi1, bmi2, adx, fma, vzeroupper, clflush, clflushopt, hv, rdtscp, f16c
Processor Information for all 12 processors :
  Max Mhz: 2904, Current Mhz: 2904, Mhz Limit: 2904

Memory: 4k page, system-wide physical 16314M (212M free)
TotalPageFile size 49082M (AvailPageFile size 4M)
current process WorkingSet (physical memory assigned to process): 100M, peak: 100M
current process commit charge ("private bytes"): 238M, peak: 239M

vm_info: OpenJDK 64-Bit Server VM (21.0.4+13-b509.17) for windows-amd64 JRE (21.0.4+13-b509.17), built on 2024-09-04 by "builduser" with MS VC++ 16.10 / 16.11 (VS2019)

END.
